#
# There is insufficient memory for the Java Runtime Environment to continue.
# Native memory allocation (malloc) failed to allocate 161480704 bytes for committing reserved memory.
# Possible reasons:
#   The system is out of physical RAM or swap space
#   In 32 bit mode, the process size limit was hit
# Possible solutions:
#   Reduce memory load on the system
#   Increase physical memory or swap space
#   Check if swap backing store is full
#   Use 64 bit Java on a 64 bit OS
#   Decrease Java heap size (-Xmx/-Xms)
#   Decrease number of Java threads
#   Decrease Java thread stack sizes (-Xss)
#   Set larger code cache with -XX:ReservedCodeCacheSize=
# This output file may be truncated or incomplete.
#
#  Out of Memory Error (os_linux.cpp:2798), pid=25176, tid=140712843851520
#
# JRE version: OpenJDK Runtime Environment (7.0_75-b13) (build 1.7.0_75-b13)
# Java VM: OpenJDK 64-Bit Server VM (24.75-b04 mixed mode linux-amd64 compressed oops)
# Derivative: IcedTea 2.5.4
# Distribution: Debian GNU/Linux 7.6 (wheezy), package 7u75-2.5.4-1~deb7u1
# Failed to write core dump. Core dumps have been disabled. To enable core dumping, try "ulimit -c unlimited" before starting Java again
#

---------------  T H R E A D  ---------------

Current thread (0x00007ffa5c07c800):  VMThread [stack: 0x00007ffa4302b000,0x00007ffa4312c000] [id=25222]

Stack: [0x00007ffa4302b000,0x00007ffa4312c000],  sp=0x00007ffa4312a500,  free space=1021k
Native frames: (J=compiled Java code, j=interpreted, Vv=VM code, C=native code)
V  [libjvm.so+0x92a085]  VMError::report_and_die()+0x175
V  [libjvm.so+0x490140]  report_vm_out_of_memory(char const*, int, unsigned long, char const*)+0x70
V  [libjvm.so+0x7b35f3]  os::pd_commit_memory(char*, unsigned long, unsigned long, bool)+0x103
V  [libjvm.so+0x7addf6]  os::commit_memory(char*, unsigned long, unsigned long, bool)+0x26
V  [libjvm.so+0x81b0eb]  PSVirtualSpace::expand_by(unsigned long)+0x6b
V  [libjvm.so+0x81beb8]  PSYoungGen::resize_generation(unsigned long, unsigned long)+0xa8
V  [libjvm.so+0x81c512]  PSYoungGen::resize(unsigned long, unsigned long)+0x22
V  [libjvm.so+0x818dd1]  PSScavenge::invoke_no_policy()+0xdc1
V  [libjvm.so+0x819603]  PSScavenge::invoke()+0x43
V  [libjvm.so+0x7d2ace]  ParallelScavengeHeap::failed_mem_allocate(unsigned long)+0x6e
V  [libjvm.so+0x92bb00]  VM_ParallelGCFailedAllocation::doit()+0x90
V  [libjvm.so+0x930212]  VM_Operation::evaluate()+0x52
V  [libjvm.so+0x92eb98]  VMThread::evaluate_operation(VM_Operation*)+0x318
V  [libjvm.so+0x92efbe]  VMThread::loop()+0x1ee
V  [libjvm.so+0x92f402]  VMThread::run()+0x72
V  [libjvm.so+0x7b04d2]  java_start(Thread*)+0xf2

VM_Operation (0x00007ffa40e8d0f0): ParallelGCFailedAllocation, mode: safepoint, requested by thread 0x00007ffa5c1b7800


---------------  P R O C E S S  ---------------

Java Threads: ( => current thread )
  0x00007ffa5c1b7800 JavaThread "pool-1-thread-1" [_thread_blocked, id=25473, stack(0x00007ffa40d8e000,0x00007ffa40e8f000)]
  0x00007ffa5c0b5000 JavaThread "Service Thread" daemon [_thread_blocked, id=25249, stack(0x00007ffa4289c000,0x00007ffa4299d000)]
  0x00007ffa5c0b2800 JavaThread "C2 CompilerThread1" daemon [_thread_blocked, id=25248, stack(0x00007ffa4299d000,0x00007ffa42a9e000)]
  0x00007ffa5c0af800 JavaThread "C2 CompilerThread0" daemon [_thread_blocked, id=25247, stack(0x00007ffa42a9e000,0x00007ffa42b9f000)]
  0x00007ffa5c0ad800 JavaThread "Signal Dispatcher" daemon [_thread_blocked, id=25246, stack(0x00007ffa42b9f000,0x00007ffa42ca0000)]
  0x00007ffa5c083000 JavaThread "Finalizer" daemon [_thread_blocked, id=25230, stack(0x00007ffa42e29000,0x00007ffa42f2a000)]
  0x00007ffa5c081000 JavaThread "Reference Handler" daemon [_thread_blocked, id=25229, stack(0x00007ffa42f2a000,0x00007ffa4302b000)]
  0x00007ffa5c008000 JavaThread "main" [_thread_blocked, id=25186, stack(0x00007ffa65f93000,0x00007ffa66094000)]

Other Threads:
=>0x00007ffa5c07c800 VMThread [stack: 0x00007ffa4302b000,0x00007ffa4312c000] [id=25222]
  0x00007ffa5c0c7800 WatcherThread [stack: 0x00007ffa4279b000,0x00007ffa4289c000] [id=25250]

VM state:at safepoint (normal execution)

VM Mutex/Monitor currently owned by a thread:  ([mutex/lock_event])
[0x00007ffa5c006aa0] Threads_lock - owner thread: 0x00007ffa5c07c800
[0x00007ffa5c006fa0] Heap_lock - owner thread: 0x00007ffa5c1b7800

Heap
 PSYoungGen      total 132096K, used 5097K [0x00000000eaa80000, 0x00000000f3080000, 0x0000000100000000)
  eden space 126976K, 0% used [0x00000000eaa80000,0x00000000eaa80000,0x00000000f2680000)
  from space 5120K, 99% used [0x00000000f2680000,0x00000000f2b7a7a8,0x00000000f2b80000)
  to   space 5120K, 0% used [0x00000000f2b80000,0x00000000f2b80000,0x00000000f3080000)
 ParOldGen       total 83456K, used 36625K [0x00000000c0000000, 0x00000000c5180000, 0x00000000eaa80000)
  object space 83456K, 43% used [0x00000000c0000000,0x00000000c23c47c8,0x00000000c5180000)
 PSPermGen       total 21504K, used 6450K [0x00000000b5a00000, 0x00000000b6f00000, 0x00000000c0000000)
  object space 21504K, 29% used [0x00000000b5a00000,0x00000000b604c998,0x00000000b6f00000)

Card table byte_map: [0x00007ffa60131000,0x00007ffa60385000] byte_map_base: 0x00007ffa5fb84000

Polling page: 0x00007ffa660b6000

Code Cache  [0x00007ffa60445000, 0x00007ffa60795000, 0x00007ffa63445000)
 total_blobs=1092 nmethods=860 adapters=185 free_code_cache=45852Kb largest_free_block=46906880

Compilation events (10 events):
Event: 6,928 Thread 0x00007ffa5c0b2800  863             com.android.dx.rop.type.StdTypeList::getWordCount (33 bytes)
Event: 6,932 Thread 0x00007ffa5c0b2800 nmethod 863 0x00007ffa60787890 code [0x00007ffa607879e0, 0x00007ffa60787b18]
Event: 6,938 Thread 0x00007ffa5c0b2800  864             com.android.dx.util.ByteArrayAnnotatedOutput::ensureCapacity (39 bytes)
Event: 6,940 Thread 0x00007ffa5c0b2800 nmethod 864 0x00007ffa607743d0 code [0x00007ffa60774520, 0x00007ffa60774758]
Event: 6,943 Thread 0x00007ffa5c0b2800  865             com.android.dx.dex.code.PositionList$Entry::getAddress (5 bytes)
Event: 6,943 Thread 0x00007ffa5c0b2800 nmethod 865 0x00007ffa607741d0 code [0x00007ffa60774300, 0x00007ffa60774358]
Event: 6,944 Thread 0x00007ffa5c0af800 nmethod 862 0x00007ffa607737d0 code [0x00007ffa60773940, 0x00007ffa60773e48]
Event: 6,945 Thread 0x00007ffa5c0b2800  866             com.android.dx.util.ByteArrayAnnotatedOutput::writeByte (51 bytes)
Event: 6,948 Thread 0x00007ffa5c0af800  867             java.util.TimSort::countRunAndMakeAscending (128 bytes)
Event: 6,949 Thread 0x00007ffa5c0b2800 nmethod 866 0x00007ffa6077c410 code [0x00007ffa6077c560, 0x00007ffa6077c868]

GC Heap History (9 events):
Event: 0,954 GC heap before
{Heap before GC invocations=1 (full 0):
 PSYoungGen      total 36864K, used 31744K [0x00000000eaa80000, 0x00000000ed380000, 0x0000000100000000)
  eden space 31744K, 100% used [0x00000000eaa80000,0x00000000ec980000,0x00000000ec980000)
  from space 5120K, 0% used [0x00000000ece80000,0x00000000ece80000,0x00000000ed380000)
  to   space 5120K, 0% used [0x00000000ec980000,0x00000000ec980000,0x00000000ece80000)
 ParOldGen       total 83456K, used 0K [0x00000000c0000000, 0x00000000c5180000, 0x00000000eaa80000)
  object space 83456K, 0% used [0x00000000c0000000,0x00000000c0000000,0x00000000c5180000)
 PSPermGen       total 21504K, used 5973K [0x00000000b5a00000, 0x00000000b6f00000, 0x00000000c0000000)
  object space 21504K, 27% used [0x00000000b5a00000,0x00000000b5fd5418,0x00000000b6f00000)
Event: 0,973 GC heap after
Heap after GC invocations=1 (full 0):
 PSYoungGen      total 36864K, used 5116K [0x00000000eaa80000, 0x00000000ef280000, 0x0000000100000000)
  eden space 31744K, 0% used [0x00000000eaa80000,0x00000000eaa80000,0x00000000ec980000)
  from space 5120K, 99% used [0x00000000ec980000,0x00000000ece7f0b0,0x00000000ece80000)
  to   space 5120K, 0% used [0x00000000eed80000,0x00000000eed80000,0x00000000ef280000)
 ParOldGen       total 83456K, used 1677K [0x00000000c0000000, 0x00000000c5180000, 0x00000000eaa80000)
  object space 83456K, 2% used [0x00000000c0000000,0x00000000c01a34a0,0x00000000c5180000)
 PSPermGen       total 21504K, used 5973K [0x00000000b5a00000, 0x00000000b6f00000, 0x00000000c0000000)
  object space 21504K, 27% used [0x00000000b5a00000,0x00000000b5fd5418,0x00000000b6f00000)
}
Event: 1,718 GC heap before
{Heap before GC invocations=2 (full 0):
 PSYoungGen      total 36864K, used 36860K [0x00000000eaa80000, 0x00000000ef280000, 0x0000000100000000)
  eden space 31744K, 100% used [0x00000000eaa80000,0x00000000ec980000,0x00000000ec980000)
  from space 5120K, 99% used [0x00000000ec980000,0x00000000ece7f0b0,0x00000000ece80000)
  to   space 5120K, 0% used [0x00000000eed80000,0x00000000eed80000,0x00000000ef280000)
 ParOldGen       total 83456K, used 1677K [0x00000000c0000000, 0x00000000c5180000, 0x00000000eaa80000)
  object space 83456K, 2% used [0x00000000c0000000,0x00000000c01a34a0,0x00000000c5180000)
 PSPermGen       total 21504K, used 6050K [0x00000000b5a00000, 0x00000000b6f00000, 0x00000000c0000000)
  object space 21504K, 28% used [0x00000000b5a00000,0x00000000b5fe8a00,0x00000000b6f00000)
Event: 1,756 GC heap after
Heap after GC invocations=2 (full 0):
 PSYoungGen      total 68608K, used 5094K [0x00000000eaa80000, 0x00000000ef280000, 0x0000000100000000)
  eden space 63488K, 0% used [0x00000000eaa80000,0x00000000eaa80000,0x00000000ee880000)
  from space 5120K, 99% used [0x00000000eed80000,0x00000000ef2798d8,0x00000000ef280000)
  to   space 5120K, 0% used [0x00000000ee880000,0x00000000ee880000,0x00000000eed80000)
 ParOldGen       total 83456K, used 6245K [0x00000000c0000000, 0x00000000c5180000, 0x00000000eaa80000)
  object space 83456K, 7% used [0x00000000c0000000,0x00000000c0619658,0x00000000c5180000)
 PSPermGen       total 21504K, used 6050K [0x00000000b5a00000, 0x00000000b6f00000, 0x00000000c0000000)
  object space 21504K, 28% used [0x00000000b5a00000,0x00000000b5fe8a00,0x00000000b6f00000)
}
Event: 3,130 GC heap before
{Heap before GC invocations=3 (full 0):
 PSYoungGen      total 68608K, used 68582K [0x00000000eaa80000, 0x00000000ef280000, 0x0000000100000000)
  eden space 63488K, 100% used [0x00000000eaa80000,0x00000000ee880000,0x00000000ee880000)
  from space 5120K, 99% used [0x00000000eed80000,0x00000000ef2798d8,0x00000000ef280000)
  to   space 5120K, 0% used [0x00000000ee880000,0x00000000ee880000,0x00000000eed80000)
 ParOldGen       total 83456K, used 6245K [0x00000000c0000000, 0x00000000c5180000, 0x00000000eaa80000)
  object space 83456K, 7% used [0x00000000c0000000,0x00000000c0619658,0x00000000c5180000)
 PSPermGen       total 21504K, used 6101K [0x00000000b5a00000, 0x00000000b6f00000, 0x00000000c0000000)
  object space 21504K, 28% used [0x00000000b5a00000,0x00000000b5ff5778,0x00000000b6f00000)
Event: 3,183 GC heap after
Heap after GC invocations=3 (full 0):
 PSYoungGen      total 68608K, used 5091K [0x00000000eaa80000, 0x00000000f3080000, 0x0000000100000000)
  eden space 63488K, 0% used [0x00000000eaa80000,0x00000000eaa80000,0x00000000ee880000)
  from space 5120K, 99% used [0x00000000ee880000,0x00000000eed78f80,0x00000000eed80000)
  to   space 5120K, 0% used [0x00000000f2b80000,0x00000000f2b80000,0x00000000f3080000)
 ParOldGen       total 83456K, used 16089K [0x00000000c0000000, 0x00000000c5180000, 0x00000000eaa80000)
  object space 83456K, 19% used [0x00000000c0000000,0x00000000c0fb6440,0x00000000c5180000)
 PSPermGen       total 21504K, used 6101K [0x00000000b5a00000, 0x00000000b6f00000, 0x00000000c0000000)
  object space 21504K, 28% used [0x00000000b5a00000,0x00000000b5ff5778,0x00000000b6f00000)
}
Event: 3,902 GC heap before
{Heap before GC invocations=4 (full 0):
 PSYoungGen      total 68608K, used 68579K [0x00000000eaa80000, 0x00000000f3080000, 0x0000000100000000)
  eden space 63488K, 100% used [0x00000000eaa80000,0x00000000ee880000,0x00000000ee880000)
  from space 5120K, 99% used [0x00000000ee880000,0x00000000eed78f80,0x00000000eed80000)
  to   space 5120K, 0% used [0x00000000f2b80000,0x00000000f2b80000,0x00000000f3080000)
 ParOldGen       total 83456K, used 16089K [0x00000000c0000000, 0x00000000c5180000, 0x00000000eaa80000)
  object space 83456K, 19% used [0x00000000c0000000,0x00000000c0fb6440,0x00000000c5180000)
 PSPermGen       total 21504K, used 6150K [0x00000000b5a00000, 0x00000000b6f00000, 0x00000000c0000000)
  object space 21504K, 28% used [0x00000000b5a00000,0x00000000b6001960,0x00000000b6f00000)
Event: 3,935 GC heap after
Heap after GC invocations=4 (full 0):
 PSYoungGen      total 132096K, used 5093K [0x00000000eaa80000, 0x00000000f3080000, 0x0000000100000000)
  eden space 126976K, 0% used [0x00000000eaa80000,0x00000000eaa80000,0x00000000f2680000)
  from space 5120K, 99% used [0x00000000f2b80000,0x00000000f3079440,0x00000000f3080000)
  to   space 5120K, 0% used [0x00000000f2680000,0x00000000f2680000,0x00000000f2b80000)
 ParOldGen       total 83456K, used 26029K [0x00000000c0000000, 0x00000000c5180000, 0x00000000eaa80000)
  object space 83456K, 31% used [0x00000000c0000000,0x00000000c196b4b0,0x00000000c5180000)
 PSPermGen       total 21504K, used 6150K [0x00000000b5a00000, 0x00000000b6f00000, 0x00000000c0000000)
  object space 21504K, 28% used [0x00000000b5a00000,0x00000000b6001960,0x00000000b6f00000)
}
Event: 6,950 GC heap before
{Heap before GC invocations=5 (full 0):
 PSYoungGen      total 132096K, used 132069K [0x00000000eaa80000, 0x00000000f3080000, 0x0000000100000000)
  eden space 126976K, 100% used [0x00000000eaa80000,0x00000000f2680000,0x00000000f2680000)
  from space 5120K, 99% used [0x00000000f2b80000,0x00000000f3079440,0x00000000f3080000)
  to   space 5120K, 0% used [0x00000000f2680000,0x00000000f2680000,0x00000000f2b80000)
 ParOldGen       total 83456K, used 26029K [0x00000000c0000000, 0x00000000c5180000, 0x00000000eaa80000)
  object space 83456K, 31% used [0x00000000c0000000,0x00000000c196b4b0,0x00000000c5180000)
 PSPermGen       total 21504K, used 6450K [0x00000000b5a00000, 0x00000000b6f00000, 0x00000000c0000000)
  object space 21504K, 29% used [0x00000000b5a00000,0x00000000b604c998,0x00000000b6f00000)

Deoptimization events (10 events):
Event: 1,538 Thread 0x00007ffa5c1ba800 Uncommon trap: reason=null_check action=make_not_entrant pc=0x00007ffa6050ad94 method=com.android.dx.ssa.SsaRenamer.getLocalForNewReg(I)Lcom/android/dx/rop/code/LocalItem; @ 19
Event: 1,684 Thread 0x00007ffa5c008000 Uncommon trap: reason=unreached action=reinterpret pc=0x00007ffa60520c40 method=com.android.dx.ssa.SCCP.simulateBranch(Lcom/android/dx/ssa/SsaInsn;)V @ 132
Event: 3,538 Thread 0x00007ffa5c1b7800 Uncommon trap: reason=null_check action=make_not_entrant pc=0x00007ffa6057f2fc method=com.android.dx.cf.code.Ropper$CatchInfo.getSetup(Lcom/android/dx/rop/type/Type;)Lcom/android/dx/cf/code/Ropper$ExceptionHandlerSetup; @ 10
Event: 4,171 Thread 0x00007ffa5c1b7800 Uncommon trap: reason=bimorphic action=maybe_recompile pc=0x00007ffa605c5e4c method=com.android.dx.cf.code.BytecodeArray.parseInstruction(ILcom/android/dx/cf/code/BytecodeArray$Visitor;)I @ 987
Event: 4,171 Thread 0x00007ffa5c1b7800 Uncommon trap: reason=bimorphic action=maybe_recompile pc=0x00007ffa605c5e4c method=com.android.dx.cf.code.BytecodeArray.parseInstruction(ILcom/android/dx/cf/code/BytecodeArray$Visitor;)I @ 987
Event: 6,694 Thread 0x00007ffa5c1b7800 Uncommon trap: reason=predicate action=maybe_recompile pc=0x00007ffa60720670 method=java.util.ComparableTimSort.binarySort([Ljava/lang/Object;III)V @ 37
Event: 6,870 Thread 0x00007ffa5c1b7800 Uncommon trap: reason=array_check action=maybe_recompile pc=0x00007ffa6076510c method=java.util.ComparableTimSort.binarySort([Ljava/lang/Object;III)V @ 193
Event: 6,870 Thread 0x00007ffa5c1b7800 Uncommon trap: reason=array_check action=maybe_recompile pc=0x00007ffa6076510c method=java.util.ComparableTimSort.binarySort([Ljava/lang/Object;III)V @ 193
Event: 6,873 Thread 0x00007ffa5c1b7800 Uncommon trap: reason=array_check action=maybe_recompile pc=0x00007ffa6076510c method=java.util.ComparableTimSort.binarySort([Ljava/lang/Object;III)V @ 193
Event: 6,883 Thread 0x00007ffa5c1b7800 Uncommon trap: reason=array_check action=maybe_recompile pc=0x00007ffa6076510c method=java.util.ComparableTimSort.binarySort([Ljava/lang/Object;III)V @ 193

Internal exceptions (10 events):
Event: 6,090 Thread 0x00007ffa5c1b7800 Threw 0x00000000f1c32208 at /build/openjdk-7-tNV5mE/openjdk-7-7u75-2.5.4/build/openjdk/hotspot/src/share/vm/prims/jvm.cpp:1284
Event: 6,091 Thread 0x00007ffa5c1b7800 Threw 0x00000000f1c376a0 at /build/openjdk-7-tNV5mE/openjdk-7-7u75-2.5.4/build/openjdk/hotspot/src/share/vm/prims/jvm.cpp:1284
Event: 6,091 Thread 0x00007ffa5c1b7800 Threw 0x00000000f1c3c278 at /build/openjdk-7-tNV5mE/openjdk-7-7u75-2.5.4/build/openjdk/hotspot/src/share/vm/prims/jvm.cpp:1284
Event: 6,097 Thread 0x00007ffa5c1b7800 Threw 0x00000000f1c4d968 at /build/openjdk-7-tNV5mE/openjdk-7-7u75-2.5.4/build/openjdk/hotspot/src/share/vm/prims/jvm.cpp:1284
Event: 6,098 Thread 0x00007ffa5c1b7800 Threw 0x00000000f1c50f70 at /build/openjdk-7-tNV5mE/openjdk-7-7u75-2.5.4/build/openjdk/hotspot/src/share/vm/prims/jvm.cpp:1284
Event: 6,098 Thread 0x00007ffa5c1b7800 Threw 0x00000000f1c547f8 at /build/openjdk-7-tNV5mE/openjdk-7-7u75-2.5.4/build/openjdk/hotspot/src/share/vm/prims/jvm.cpp:1284
Event: 6,104 Thread 0x00007ffa5c1b7800 Threw 0x00000000f1c659a0 at /build/openjdk-7-tNV5mE/openjdk-7-7u75-2.5.4/build/openjdk/hotspot/src/share/vm/prims/jvm.cpp:1284
Event: 6,917 Thread 0x00007ffa5c1b7800 Threw 0x00000000f2554e28 at /build/openjdk-7-tNV5mE/openjdk-7-7u75-2.5.4/build/openjdk/hotspot/src/share/vm/prims/jvm.cpp:1284
Event: 6,918 Thread 0x00007ffa5c1b7800 Threw 0x00000000f2561158 at /build/openjdk-7-tNV5mE/openjdk-7-7u75-2.5.4/build/openjdk/hotspot/src/share/vm/prims/jvm.cpp:1284
Event: 6,919 Thread 0x00007ffa5c1b7800 Threw 0x00000000f2564480 at /build/openjdk-7-tNV5mE/openjdk-7-7u75-2.5.4/build/openjdk/hotspot/src/share/vm/prims/jvm.cpp:1284

Events (10 events):
Event: 6,883 Thread 0x00007ffa5c1b7800 Uncommon trap: trap_request=0xffffffd6 fr.pc=0x00007ffa6076510c
Event: 6,883 Thread 0x00007ffa5c1b7800 DEOPT PACKING pc=0x00007ffa6076510c sp=0x00007ffa40e8d140
Event: 6,883 Thread 0x00007ffa5c1b7800 DEOPT UNPACKING pc=0x00007ffa6047e445 sp=0x00007ffa40e8d108 mode 2
Event: 6,917 loading class 0x00007ffa0c01a510
Event: 6,917 loading class 0x00007ffa0c01a510 done
Event: 6,918 loading class 0x00007ffa1000d160
Event: 6,918 loading class 0x00007ffa1000d160 done
Event: 6,919 loading class 0x00007ffa1000d1a0
Event: 6,919 loading class 0x00007ffa1000d1a0 done
Event: 6,949 Executing VM operation: ParallelGCFailedAllocation


Dynamic libraries:
00400000-00401000 r-xp 00000000 08:03 34081                              /usr/lib/jvm/java-7-openjdk-amd64/jre/bin/java
00600000-00601000 r--p 00000000 08:03 34081                              /usr/lib/jvm/java-7-openjdk-amd64/jre/bin/java
00601000-00602000 rw-p 00001000 08:03 34081                              /usr/lib/jvm/java-7-openjdk-amd64/jre/bin/java
02396000-023b7000 rw-p 00000000 00:00 0                                  [heap]
b5a00000-b6f00000 rw-p 00000000 00:00 0 
b6f00000-c0000000 rw-p 00000000 00:00 0 
c0000000-c5180000 rw-p 00000000 00:00 0 
c5180000-eaa80000 rw-p 00000000 00:00 0 
eaa80000-f3080000 rw-p 00000000 00:00 0 
fca80000-100000000 rw-p 00000000 00:00 0 
7ff9fc000000-7ff9fc021000 rw-p 00000000 00:00 0 
7ff9fc021000-7ffa00000000 ---p 00000000 00:00 0 
7ffa04000000-7ffa0404a000 rw-p 00000000 00:00 0 
7ffa0404a000-7ffa08000000 ---p 00000000 00:00 0 
7ffa08000000-7ffa08023000 rw-p 00000000 00:00 0 
7ffa08023000-7ffa0c000000 ---p 00000000 00:00 0 
7ffa0c000000-7ffa0c026000 rw-p 00000000 00:00 0 
7ffa0c026000-7ffa10000000 ---p 00000000 00:00 0 
7ffa10000000-7ffa10021000 rw-p 00000000 00:00 0 
7ffa10021000-7ffa14000000 ---p 00000000 00:00 0 
7ffa14000000-7ffa14021000 rw-p 00000000 00:00 0 
7ffa14021000-7ffa18000000 ---p 00000000 00:00 0 
7ffa18000000-7ffa18021000 rw-p 00000000 00:00 0 
7ffa18021000-7ffa1c000000 ---p 00000000 00:00 0 
7ffa1c000000-7ffa1d38f000 rw-p 00000000 00:00 0 
7ffa1d38f000-7ffa20000000 ---p 00000000 00:00 0 
7ffa20000000-7ffa215e2000 rw-p 00000000 00:00 0 
7ffa215e2000-7ffa24000000 ---p 00000000 00:00 0 
7ffa24000000-7ffa24021000 rw-p 00000000 00:00 0 
7ffa24021000-7ffa28000000 ---p 00000000 00:00 0 
7ffa28000000-7ffa28021000 rw-p 00000000 00:00 0 
7ffa28021000-7ffa2c000000 ---p 00000000 00:00 0 
7ffa2c000000-7ffa2c264000 rw-p 00000000 00:00 0 
7ffa2c264000-7ffa30000000 ---p 00000000 00:00 0 
7ffa30000000-7ffa30021000 rw-p 00000000 00:00 0 
7ffa30021000-7ffa34000000 ---p 00000000 00:00 0 
7ffa34000000-7ffa34021000 rw-p 00000000 00:00 0 
7ffa34021000-7ffa38000000 ---p 00000000 00:00 0 
7ffa38000000-7ffa38021000 rw-p 00000000 00:00 0 
7ffa38021000-7ffa3c000000 ---p 00000000 00:00 0 
7ffa3c000000-7ffa3c021000 rw-p 00000000 00:00 0 
7ffa3c021000-7ffa40000000 ---p 00000000 00:00 0 
7ffa40a66000-7ffa40a8b000 r--p 00000000 08:03 148678                     /usr/share/locale/es/LC_MESSAGES/libc.mo
7ffa40a8b000-7ffa40a8e000 ---p 00000000 00:00 0 
7ffa40a8e000-7ffa40b8c000 rw-p 00000000 00:00 0 
7ffa40b8c000-7ffa40b8f000 ---p 00000000 00:00 0 
7ffa40b8f000-7ffa40c8d000 rw-p 00000000 00:00 0 
7ffa40c8d000-7ffa40c90000 ---p 00000000 00:00 0 
7ffa40c90000-7ffa40d8e000 rw-p 00000000 00:00 0 
7ffa40d8e000-7ffa40d91000 ---p 00000000 00:00 0 
7ffa40d91000-7ffa40e8f000 rw-p 00000000 00:00 0                          [stack:25473]
7ffa40e8f000-7ffa40e92000 ---p 00000000 00:00 0 
7ffa40e92000-7ffa40fc1000 rw-p 00000000 00:00 0 
7ffa40fc1000-7ffa4102d000 r-xp 00000000 08:03 3757                       /lib/x86_64-linux-gnu/libpcre.so.3.13.1
7ffa4102d000-7ffa4122d000 ---p 0006c000 08:03 3757                       /lib/x86_64-linux-gnu/libpcre.so.3.13.1
7ffa4122d000-7ffa4122e000 r--p 0006c000 08:03 3757                       /lib/x86_64-linux-gnu/libpcre.so.3.13.1
7ffa4122e000-7ffa4122f000 rw-p 0006d000 08:03 3757                       /lib/x86_64-linux-gnu/libpcre.so.3.13.1
7ffa4122f000-7ffa41236000 r-xp 00000000 08:03 12387                      /usr/lib/x86_64-linux-gnu/libffi.so.6.0.2
7ffa41236000-7ffa41435000 ---p 00007000 08:03 12387                      /usr/lib/x86_64-linux-gnu/libffi.so.6.0.2
7ffa41435000-7ffa41436000 r--p 00006000 08:03 12387                      /usr/lib/x86_64-linux-gnu/libffi.so.6.0.2
7ffa41436000-7ffa41437000 rw-p 00007000 08:03 12387                      /usr/lib/x86_64-linux-gnu/libffi.so.6.0.2
7ffa41437000-7ffa4144b000 r-xp 00000000 08:03 26220                      /lib/x86_64-linux-gnu/libresolv-2.19.so
7ffa4144b000-7ffa4164a000 ---p 00014000 08:03 26220                      /lib/x86_64-linux-gnu/libresolv-2.19.so
7ffa4164a000-7ffa4164b000 r--p 00013000 08:03 26220                      /lib/x86_64-linux-gnu/libresolv-2.19.so
7ffa4164b000-7ffa4164c000 rw-p 00014000 08:03 26220                      /lib/x86_64-linux-gnu/libresolv-2.19.so
7ffa4164c000-7ffa4164e000 rw-p 00000000 00:00 0 
7ffa4164e000-7ffa4166f000 r-xp 00000000 08:03 4512                       /lib/x86_64-linux-gnu/libselinux.so.1
7ffa4166f000-7ffa4186f000 ---p 00021000 08:03 4512                       /lib/x86_64-linux-gnu/libselinux.so.1
7ffa4186f000-7ffa41870000 r--p 00021000 08:03 4512                       /lib/x86_64-linux-gnu/libselinux.so.1
7ffa41870000-7ffa41871000 rw-p 00022000 08:03 4512                       /lib/x86_64-linux-gnu/libselinux.so.1
7ffa41871000-7ffa41873000 rw-p 00000000 00:00 0 
7ffa41873000-7ffa41876000 r-xp 00000000 08:03 47946                      /usr/lib/x86_64-linux-gnu/libgmodule-2.0.so.0.4200.1
7ffa41876000-7ffa41a75000 ---p 00003000 08:03 47946                      /usr/lib/x86_64-linux-gnu/libgmodule-2.0.so.0.4200.1
7ffa41a75000-7ffa41a76000 r--p 00002000 08:03 47946                      /usr/lib/x86_64-linux-gnu/libgmodule-2.0.so.0.4200.1
7ffa41a76000-7ffa41a77000 rw-p 00003000 08:03 47946                      /usr/lib/x86_64-linux-gnu/libgmodule-2.0.so.0.4200.1
7ffa41a77000-7ffa41b83000 r-xp 00000000 08:03 23782                      /lib/x86_64-linux-gnu/libglib-2.0.so.0.4200.1
7ffa41b83000-7ffa41d83000 ---p 0010c000 08:03 23782                      /lib/x86_64-linux-gnu/libglib-2.0.so.0.4200.1
7ffa41d83000-7ffa41d84000 r--p 0010c000 08:03 23782                      /lib/x86_64-linux-gnu/libglib-2.0.so.0.4200.1
7ffa41d84000-7ffa41d85000 rw-p 0010d000 08:03 23782                      /lib/x86_64-linux-gnu/libglib-2.0.so.0.4200.1
7ffa41d85000-7ffa41d86000 rw-p 00000000 00:00 0 
7ffa41d86000-7ffa41dd7000 r-xp 00000000 08:03 47944                      /usr/lib/x86_64-linux-gnu/libgobject-2.0.so.0.4200.1
7ffa41dd7000-7ffa41fd7000 ---p 00051000 08:03 47944                      /usr/lib/x86_64-linux-gnu/libgobject-2.0.so.0.4200.1
7ffa41fd7000-7ffa41fd8000 r--p 00051000 08:03 47944                      /usr/lib/x86_64-linux-gnu/libgobject-2.0.so.0.4200.1
7ffa41fd8000-7ffa41fd9000 rw-p 00052000 08:03 47944                      /usr/lib/x86_64-linux-gnu/libgobject-2.0.so.0.4200.1
7ffa41fd9000-7ffa4214b000 r-xp 00000000 08:03 47950                      /usr/lib/x86_64-linux-gnu/libgio-2.0.so.0.4200.1
7ffa4214b000-7ffa4234b000 ---p 00172000 08:03 47950                      /usr/lib/x86_64-linux-gnu/libgio-2.0.so.0.4200.1
7ffa4234b000-7ffa4234f000 r--p 00172000 08:03 47950                      /usr/lib/x86_64-linux-gnu/libgio-2.0.so.0.4200.1
7ffa4234f000-7ffa42351000 rw-p 00176000 08:03 47950                      /usr/lib/x86_64-linux-gnu/libgio-2.0.so.0.4200.1
7ffa42351000-7ffa42353000 rw-p 00000000 00:00 0 
7ffa42371000-7ffa42388000 r-xp 00000000 08:03 34190                      /usr/lib/jvm/java-7-openjdk-amd64/jre/lib/amd64/libnet.so
7ffa42388000-7ffa42587000 ---p 00017000 08:03 34190                      /usr/lib/jvm/java-7-openjdk-amd64/jre/lib/amd64/libnet.so
7ffa42587000-7ffa42588000 r--p 00016000 08:03 34190                      /usr/lib/jvm/java-7-openjdk-amd64/jre/lib/amd64/libnet.so
7ffa42588000-7ffa42589000 rw-p 00017000 08:03 34190                      /usr/lib/jvm/java-7-openjdk-amd64/jre/lib/amd64/libnet.so
7ffa42589000-7ffa42599000 r-xp 00000000 08:03 34191                      /usr/lib/jvm/java-7-openjdk-amd64/jre/lib/amd64/libnio.so
7ffa42599000-7ffa42799000 ---p 00010000 08:03 34191                      /usr/lib/jvm/java-7-openjdk-amd64/jre/lib/amd64/libnio.so
7ffa42799000-7ffa4279a000 r--p 00010000 08:03 34191                      /usr/lib/jvm/java-7-openjdk-amd64/jre/lib/amd64/libnio.so
7ffa4279a000-7ffa4279b000 rw-p 00011000 08:03 34191                      /usr/lib/jvm/java-7-openjdk-amd64/jre/lib/amd64/libnio.so
7ffa4279b000-7ffa4279c000 ---p 00000000 00:00 0 
7ffa4279c000-7ffa4289c000 rw-p 00000000 00:00 0                          [stack:25250]
7ffa4289c000-7ffa4289f000 ---p 00000000 00:00 0 
7ffa4289f000-7ffa4299d000 rw-p 00000000 00:00 0                          [stack:25249]
7ffa4299d000-7ffa429a0000 ---p 00000000 00:00 0 
7ffa429a0000-7ffa42a9e000 rw-p 00000000 00:00 0                          [stack:25248]
7ffa42a9e000-7ffa42aa1000 ---p 00000000 00:00 0 
7ffa42aa1000-7ffa42b9f000 rw-p 00000000 00:00 0                          [stack:25247]
7ffa42b9f000-7ffa42ba2000 ---p 00000000 00:00 0 
7ffa42ba2000-7ffa42ca0000 rw-p 00000000 00:00 0                          [stack:25246]
7ffa42ca0000-7ffa42e29000 r--p 00000000 08:03 16539                      /usr/lib/locale/locale-archive
7ffa42e29000-7ffa42e2c000 ---p 00000000 00:00 0 
7ffa42e2c000-7ffa42f2a000 rw-p 00000000 00:00 0                          [stack:25230]
7ffa42f2a000-7ffa42f2d000 ---p 00000000 00:00 0 
7ffa42f2d000-7ffa4302b000 rw-p 00000000 00:00 0                          [stack:25229]
7ffa4302b000-7ffa4302c000 ---p 00000000 00:00 0 
7ffa4302c000-7ffa44000000 rw-p 00000000 00:00 0                          [stack:25222]
7ffa44000000-7ffa44021000 rw-p 00000000 00:00 0 
7ffa44021000-7ffa48000000 ---p 00000000 00:00 0 
7ffa48000000-7ffa48021000 rw-p 00000000 00:00 0 
7ffa48021000-7ffa4c000000 ---p 00000000 00:00 0 
7ffa4c000000-7ffa4c021000 rw-p 00000000 00:00 0 
7ffa4c021000-7ffa50000000 ---p 00000000 00:00 0 
7ffa50000000-7ffa50021000 rw-p 00000000 00:00 0 
7ffa50021000-7ffa54000000 ---p 00000000 00:00 0 
7ffa54000000-7ffa54021000 rw-p 00000000 00:00 0 
7ffa54021000-7ffa58000000 ---p 00000000 00:00 0 
7ffa58005000-7ffa58d9d000 rw-p 00000000 00:00 0 
7ffa58d9d000-7ffa58f4f000 r--s 01d23000 08:03 34224                      /usr/lib/jvm/java-7-openjdk-amd64/jre/lib/rt.jar
7ffa58f4f000-7ffa5b7a3000 rw-p 00000000 00:00 0 
7ffa5b7a3000-7ffa5b7a4000 ---p 00000000 00:00 0 
7ffa5b7a4000-7ffa5b8a4000 rw-p 00000000 00:00 0                          [stack:25218]
7ffa5b8a4000-7ffa5b8a5000 ---p 00000000 00:00 0 
7ffa5b8a5000-7ffa5b9a5000 rw-p 00000000 00:00 0                          [stack:25217]
7ffa5b9a5000-7ffa5b9a6000 ---p 00000000 00:00 0 
7ffa5b9a6000-7ffa5baa6000 rw-p 00000000 00:00 0                          [stack:25216]
7ffa5baa6000-7ffa5baa7000 ---p 00000000 00:00 0 
7ffa5baa7000-7ffa5bba7000 rw-p 00000000 00:00 0                          [stack:25215]
7ffa5bba7000-7ffa5bba8000 ---p 00000000 00:00 0 
7ffa5bba8000-7ffa5bca8000 rw-p 00000000 00:00 0                          [stack:25214]
7ffa5bca8000-7ffa5bca9000 ---p 00000000 00:00 0 
7ffa5bca9000-7ffa5bda9000 rw-p 00000000 00:00 0                          [stack:25213]
7ffa5bda9000-7ffa5bdaa000 ---p 00000000 00:00 0 
7ffa5bdaa000-7ffa5bed3000 rw-p 00000000 00:00 0                          [stack:25212]
7ffa5bed3000-7ffa5c20b000 rw-p 00000000 00:00 0 
7ffa5c20b000-7ffa60000000 ---p 00000000 00:00 0 
7ffa60008000-7ffa6000f000 r--s 00000000 08:03 26200                      /usr/lib/x86_64-linux-gnu/gconv/gconv-modules.cache
7ffa6000f000-7ffa60030000 rw-p 00000000 00:00 0 
7ffa60030000-7ffa60031000 ---p 00000000 00:00 0 
7ffa60031000-7ffa6013c000 rw-p 00000000 00:00 0                          [stack:25211]
7ffa6013c000-7ffa60184000 rw-p 00000000 00:00 0 
7ffa60184000-7ffa601ad000 rw-p 00000000 00:00 0 
7ffa601ad000-7ffa602d9000 rw-p 00000000 00:00 0 
7ffa602d9000-7ffa6031d000 rw-p 00000000 00:00 0 
7ffa6031d000-7ffa60384000 rw-p 00000000 00:00 0 
7ffa60384000-7ffa60393000 rw-p 00000000 00:00 0 
7ffa60393000-7ffa60445000 rw-p 00000000 00:00 0 
7ffa60445000-7ffa60795000 rwxp 00000000 00:00 0 
7ffa60795000-7ffa63445000 rw-p 00000000 00:00 0 
7ffa63445000-7ffa6344d000 r-xp 00000000 08:03 34198                      /usr/lib/jvm/java-7-openjdk-amd64/jre/lib/amd64/libzip.so
7ffa6344d000-7ffa6364c000 ---p 00008000 08:03 34198                      /usr/lib/jvm/java-7-openjdk-amd64/jre/lib/amd64/libzip.so
7ffa6364c000-7ffa6364d000 r--p 00007000 08:03 34198                      /usr/lib/jvm/java-7-openjdk-amd64/jre/lib/amd64/libzip.so
7ffa6364d000-7ffa6364e000 rw-p 00008000 08:03 34198                      /usr/lib/jvm/java-7-openjdk-amd64/jre/lib/amd64/libzip.so
7ffa6364e000-7ffa63679000 r-xp 00000000 08:03 34174                      /usr/lib/jvm/java-7-openjdk-amd64/jre/lib/amd64/libjava.so
7ffa63679000-7ffa63878000 ---p 0002b000 08:03 34174                      /usr/lib/jvm/java-7-openjdk-amd64/jre/lib/amd64/libjava.so
7ffa63878000-7ffa63879000 r--p 0002a000 08:03 34174                      /usr/lib/jvm/java-7-openjdk-amd64/jre/lib/amd64/libjava.so
7ffa63879000-7ffa6387b000 rw-p 0002b000 08:03 34174                      /usr/lib/jvm/java-7-openjdk-amd64/jre/lib/amd64/libjava.so
7ffa6387b000-7ffa6388a000 r-xp 00000000 08:03 34197                      /usr/lib/jvm/java-7-openjdk-amd64/jre/lib/amd64/libverify.so
7ffa6388a000-7ffa63a89000 ---p 0000f000 08:03 34197                      /usr/lib/jvm/java-7-openjdk-amd64/jre/lib/amd64/libverify.so
7ffa63a89000-7ffa63a8b000 r--p 0000e000 08:03 34197                      /usr/lib/jvm/java-7-openjdk-amd64/jre/lib/amd64/libverify.so
7ffa63a8b000-7ffa63a8c000 rw-p 00010000 08:03 34197                      /usr/lib/jvm/java-7-openjdk-amd64/jre/lib/amd64/libverify.so
7ffa63a8c000-7ffa63a93000 r-xp 00000000 08:03 26221                      /lib/x86_64-linux-gnu/librt-2.19.so
7ffa63a93000-7ffa63c92000 ---p 00007000 08:03 26221                      /lib/x86_64-linux-gnu/librt-2.19.so
7ffa63c92000-7ffa63c93000 r--p 00006000 08:03 26221                      /lib/x86_64-linux-gnu/librt-2.19.so
7ffa63c93000-7ffa63c94000 rw-p 00007000 08:03 26221                      /lib/x86_64-linux-gnu/librt-2.19.so
7ffa63c94000-7ffa63caa000 r-xp 00000000 08:03 3409                       /lib/x86_64-linux-gnu/libgcc_s.so.1
7ffa63caa000-7ffa63ea9000 ---p 00016000 08:03 3409                       /lib/x86_64-linux-gnu/libgcc_s.so.1
7ffa63ea9000-7ffa63eaa000 rw-p 00015000 08:03 3409                       /lib/x86_64-linux-gnu/libgcc_s.so.1
7ffa63eaa000-7ffa63faa000 r-xp 00000000 08:03 26210                      /lib/x86_64-linux-gnu/libm-2.19.so
7ffa63faa000-7ffa641a9000 ---p 00100000 08:03 26210                      /lib/x86_64-linux-gnu/libm-2.19.so
7ffa641a9000-7ffa641aa000 r--p 000ff000 08:03 26210                      /lib/x86_64-linux-gnu/libm-2.19.so
7ffa641aa000-7ffa641ab000 rw-p 00100000 08:03 26210                      /lib/x86_64-linux-gnu/libm-2.19.so
7ffa641ab000-7ffa64297000 r-xp 00000000 08:03 13098                      /usr/lib/x86_64-linux-gnu/libstdc++.so.6.0.20
7ffa64297000-7ffa64497000 ---p 000ec000 08:03 13098                      /usr/lib/x86_64-linux-gnu/libstdc++.so.6.0.20
7ffa64497000-7ffa6449f000 r--p 000ec000 08:03 13098                      /usr/lib/x86_64-linux-gnu/libstdc++.so.6.0.20
7ffa6449f000-7ffa644a1000 rw-p 000f4000 08:03 13098                      /usr/lib/x86_64-linux-gnu/libstdc++.so.6.0.20
7ffa644a1000-7ffa644b6000 rw-p 00000000 00:00 0 
7ffa644b6000-7ffa64fb4000 r-xp 00000000 08:03 34199                      /usr/lib/jvm/java-7-openjdk-amd64/jre/lib/amd64/server/libjvm.so
7ffa64fb4000-7ffa651b3000 ---p 00afe000 08:03 34199                      /usr/lib/jvm/java-7-openjdk-amd64/jre/lib/amd64/server/libjvm.so
7ffa651b3000-7ffa65254000 r--p 00afd000 08:03 34199                      /usr/lib/jvm/java-7-openjdk-amd64/jre/lib/amd64/server/libjvm.so
7ffa65254000-7ffa65277000 rw-p 00b9e000 08:03 34199                      /usr/lib/jvm/java-7-openjdk-amd64/jre/lib/amd64/server/libjvm.so
7ffa65277000-7ffa652a4000 rw-p 00000000 00:00 0 
7ffa652a4000-7ffa652be000 r-xp 00000000 08:03 21771                      /lib/x86_64-linux-gnu/libz.so.1.2.8
7ffa652be000-7ffa654bd000 ---p 0001a000 08:03 21771                      /lib/x86_64-linux-gnu/libz.so.1.2.8
7ffa654bd000-7ffa654be000 r--p 00019000 08:03 21771                      /lib/x86_64-linux-gnu/libz.so.1.2.8
7ffa654be000-7ffa654bf000 rw-p 0001a000 08:03 21771                      /lib/x86_64-linux-gnu/libz.so.1.2.8
7ffa654bf000-7ffa65661000 r-xp 00000000 08:03 26206                      /lib/x86_64-linux-gnu/libc-2.19.so
7ffa65661000-7ffa65860000 ---p 001a2000 08:03 26206                      /lib/x86_64-linux-gnu/libc-2.19.so
7ffa65860000-7ffa65864000 r--p 001a1000 08:03 26206                      /lib/x86_64-linux-gnu/libc-2.19.so
7ffa65864000-7ffa65866000 rw-p 001a5000 08:03 26206                      /lib/x86_64-linux-gnu/libc-2.19.so
7ffa65866000-7ffa6586a000 rw-p 00000000 00:00 0 
7ffa6586a000-7ffa6586d000 r-xp 00000000 08:03 26209                      /lib/x86_64-linux-gnu/libdl-2.19.so
7ffa6586d000-7ffa65a6c000 ---p 00003000 08:03 26209                      /lib/x86_64-linux-gnu/libdl-2.19.so
7ffa65a6c000-7ffa65a6d000 r--p 00002000 08:03 26209                      /lib/x86_64-linux-gnu/libdl-2.19.so
7ffa65a6d000-7ffa65a6e000 rw-p 00003000 08:03 26209                      /lib/x86_64-linux-gnu/libdl-2.19.so
7ffa65a6e000-7ffa65a7b000 r-xp 00000000 08:03 34204                      /usr/lib/jvm/java-7-openjdk-amd64/jre/lib/amd64/jli/libjli.so
7ffa65a7b000-7ffa65c7a000 ---p 0000d000 08:03 34204                      /usr/lib/jvm/java-7-openjdk-amd64/jre/lib/amd64/jli/libjli.so
7ffa65c7a000-7ffa65c7b000 r--p 0000c000 08:03 34204                      /usr/lib/jvm/java-7-openjdk-amd64/jre/lib/amd64/jli/libjli.so
7ffa65c7b000-7ffa65c7c000 rw-p 0000d000 08:03 34204                      /usr/lib/jvm/java-7-openjdk-amd64/jre/lib/amd64/jli/libjli.so
7ffa65c7c000-7ffa65c94000 r-xp 00000000 08:03 26202                      /lib/x86_64-linux-gnu/libpthread-2.19.so
7ffa65c94000-7ffa65e93000 ---p 00018000 08:03 26202                      /lib/x86_64-linux-gnu/libpthread-2.19.so
7ffa65e93000-7ffa65e94000 r--p 00017000 08:03 26202                      /lib/x86_64-linux-gnu/libpthread-2.19.so
7ffa65e94000-7ffa65e95000 rw-p 00018000 08:03 26202                      /lib/x86_64-linux-gnu/libpthread-2.19.so
7ffa65e95000-7ffa65e99000 rw-p 00000000 00:00 0 
7ffa65e99000-7ffa65eb9000 r-xp 00000000 08:03 26203                      /lib/x86_64-linux-gnu/ld-2.19.so
7ffa65ebc000-7ffa65ecb000 r--s 000df000 08:03 13109336                   /home/aux10/Android/Sdk/build-tools/23.0.0/lib/dx.jar
7ffa65ecb000-7ffa65f16000 rw-p 00000000 00:00 0 
7ffa65f16000-7ffa65f5e000 rw-p 00000000 00:00 0 
7ffa65f5e000-7ffa65f93000 r--s 00000000 08:03 21581                      /var/cache/nscd/passwd
7ffa65f93000-7ffa65f96000 ---p 00000000 00:00 0 
7ffa65f96000-7ffa6609a000 rw-p 00000000 00:00 0                          [stack:25186]
7ffa6609a000-7ffa6609c000 r--s 00012000 08:03 34210                      /usr/lib/jvm/java-7-openjdk-amd64/jre/lib/ext/zipfs.jar
7ffa6609c000-7ffa6609d000 r--s 00002000 08:03 34216                      /usr/lib/jvm/java-7-openjdk-amd64/jre/lib/ext/dnsns.jar
7ffa6609d000-7ffa6609f000 r--s 00006000 08:03 29962                      /usr/share/java/java-atk-wrapper.jar
7ffa6609f000-7ffa660a2000 r--s 00086000 08:03 34214                      /usr/lib/jvm/java-7-openjdk-amd64/jre/lib/ext/localedata.jar
7ffa660a2000-7ffa660a5000 r--s 0000f000 08:03 34220                      /usr/lib/jvm/java-7-openjdk-amd64/jre/lib/ext/icedtea-sound.jar
7ffa660a5000-7ffa660a9000 r--s 0003c000 08:03 34218                      /usr/lib/jvm/java-7-openjdk-amd64/jre/lib/ext/sunpkcs11.jar
7ffa660a9000-7ffa660ad000 r--s 00034000 08:03 34212                      /usr/lib/jvm/java-7-openjdk-amd64/jre/lib/ext/sunjce_provider.jar
7ffa660ad000-7ffa660b5000 rw-s 00000000 08:03 1976935                    /tmp/hsperfdata_aux10/25176
7ffa660b5000-7ffa660b6000 rw-p 00000000 00:00 0 
7ffa660b6000-7ffa660b7000 ---p 00000000 00:00 0 
7ffa660b7000-7ffa660b9000 rw-p 00000000 00:00 0 
7ffa660b9000-7ffa660ba000 r--p 00020000 08:03 26203                      /lib/x86_64-linux-gnu/ld-2.19.so
7ffa660ba000-7ffa660bb000 rw-p 00021000 08:03 26203                      /lib/x86_64-linux-gnu/ld-2.19.so
7ffa660bb000-7ffa660bc000 rw-p 00000000 00:00 0 
7fff1c67a000-7fff1c69b000 rw-p 00000000 00:00 0                          [stack]
7fff1c735000-7fff1c737000 r-xp 00000000 00:00 0                          [vdso]
ffffffffff600000-ffffffffff601000 r-xp 00000000 00:00 0                  [vsyscall]

VM Arguments:
jvm_args: -Djava.awt.headless=true -Xmx1024M -Dfile.encoding=UTF-8 -Duser.country=CO -Duser.language=es -Duser.variant 
java_command: com.android.dx.command.Main --dex --force-jumbo --num-threads=4 --multi-dex --output /home/aux10/AndroidStudioProjects/Lab1UI/app/build/intermediates/transforms/dex/debug/folders/1000/10/com.android.support-appcompat-v7-23.0.0_5b238d4ffd3aae0869fcce3f686ad4bcfb313bf7 /home/aux10/AndroidStudioProjects/Lab1UI/app/build/intermediates/exploded-aar/com.android.support/appcompat-v7/23.0.0/jars/classes.jar
Launcher Type: SUN_STANDARD

Environment Variables:
PATH=/home/aux10/.npm-global/bin:/usr/local/heroku/bin:/usr/local/sbin:/usr/local/bin:/usr/sbin:/usr/bin:/sbin:/bin:/usr/bin/X11
LD_LIBRARY_PATH=/apps/android-studio/bin:
SHELL=/bin/bash
DISPLAY=:1.0

Signal Handlers:
SIGSEGV: [libjvm.so+0x92ab50], sa_mask[0]=0x7ffbfeff, sa_flags=0x10000004
SIGBUS: [libjvm.so+0x92ab50], sa_mask[0]=0x7ffbfeff, sa_flags=0x10000004
SIGFPE: [libjvm.so+0x7aea00], sa_mask[0]=0x7ffbfeff, sa_flags=0x10000004
SIGPIPE: [libjvm.so+0x7aea00], sa_mask[0]=0x7ffbfeff, sa_flags=0x10000004
SIGXFSZ: [libjvm.so+0x7aea00], sa_mask[0]=0x7ffbfeff, sa_flags=0x10000004
SIGILL: [libjvm.so+0x7aea00], sa_mask[0]=0x7ffbfeff, sa_flags=0x10000004
SIGUSR1: SIG_DFL, sa_mask[0]=0x00000000, sa_flags=0x00000000
SIGUSR2: [libjvm.so+0x7aed40], sa_mask[0]=0x00000004, sa_flags=0x10000004
SIGHUP: [libjvm.so+0x7aeeb0], sa_mask[0]=0x7ffbfeff, sa_flags=0x10000004
SIGINT: [libjvm.so+0x7aeeb0], sa_mask[0]=0x7ffbfeff, sa_flags=0x10000004
SIGTERM: [libjvm.so+0x7aeeb0], sa_mask[0]=0x7ffbfeff, sa_flags=0x10000004
SIGQUIT: [libjvm.so+0x7aeeb0], sa_mask[0]=0x7ffbfeff, sa_flags=0x10000004
SIGTRAP: SIG_DFL, sa_mask[0]=0x00000000, sa_flags=0x00000000


---------------  S Y S T E M  ---------------

OS:LinuxMint 1 (debian)
uname:Linux 3.11-2-amd64 #1 SMP Debian 3.11.8-1 (2013-11-13) x86_64
libc:glibc 2.19 NPTL 2.19 
rlimit: STACK 8192k, CORE 0k, NPROC 62422, NOFILE 4096, AS infinity
load average:2,46 1,02 0,77

/proc/meminfo:
MemTotal:        8016148 kB
MemFree:          125972 kB
Buffers:            7164 kB
Cached:          1145180 kB
SwapCached:            0 kB
Active:          6588352 kB
Inactive:        1088664 kB
Active(anon):    6533056 kB
Inactive(anon):  1050912 kB
Active(file):      55296 kB
Inactive(file):    37752 kB
Unevictable:        5636 kB
Mlocked:            3556 kB
SwapTotal:             0 kB
SwapFree:              0 kB
Dirty:              1128 kB
Writeback:             0 kB
AnonPages:       6530044 kB
Mapped:           723236 kB
Shmem:           1054820 kB
Slab:              86208 kB
SReclaimable:      32104 kB
SUnreclaim:        54104 kB
KernelStack:        7224 kB
PageTables:        60804 kB
NFS_Unstable:          0 kB
Bounce:                0 kB
WritebackTmp:          0 kB
CommitLimit:     4008072 kB
Committed_AS:   14469100 kB
VmallocTotal:   34359738367 kB
VmallocUsed:      378248 kB
VmallocChunk:   34359266936 kB
HardwareCorrupted:     0 kB
AnonHugePages:         0 kB
HugePages_Total:       0
HugePages_Free:        0
HugePages_Rsvd:        0
HugePages_Surp:        0
Hugepagesize:       2048 kB
DirectMap4k:       98460 kB
DirectMap2M:     8108032 kB


CPU:total 8 (4 cores per cpu, 2 threads per core) family 6 model 58 stepping 9, cmov, cx8, fxsr, mmx, sse, sse2, sse3, ssse3, sse4.1, sse4.2, popcnt, avx, aes, erms, ht, tsc, tscinvbit, tscinv

/proc/cpuinfo:
processor	: 0
vendor_id	: GenuineIntel
cpu family	: 6
model		: 58
model name	: Intel(R) Core(TM) i7-3770 CPU @ 3.40GHz
stepping	: 9
microcode	: 0x17
cpu MHz		: 3672.000
cache size	: 8192 KB
physical id	: 0
siblings	: 8
core id		: 0
cpu cores	: 4
apicid		: 0
initial apicid	: 0
fpu		: yes
fpu_exception	: yes
cpuid level	: 13
wp		: yes
flags		: fpu vme de pse tsc msr pae mce cx8 apic sep mtrr pge mca cmov pat pse36 clflush dts acpi mmx fxsr sse sse2 ss ht tm pbe syscall nx rdtscp lm constant_tsc arch_perfmon pebs bts rep_good nopl xtopology nonstop_tsc aperfmperf eagerfpu pni pclmulqdq dtes64 monitor ds_cpl vmx smx est tm2 ssse3 cx16 xtpr pdcm pcid sse4_1 sse4_2 x2apic popcnt tsc_deadline_timer aes xsave avx f16c rdrand lahf_lm ida arat epb xsaveopt pln pts dtherm tpr_shadow vnmi flexpriority ept vpid fsgsbase smep erms
bogomips	: 6784.15
clflush size	: 64
cache_alignment	: 64
address sizes	: 36 bits physical, 48 bits virtual
power management:

processor	: 1
vendor_id	: GenuineIntel
cpu family	: 6
model		: 58
model name	: Intel(R) Core(TM) i7-3770 CPU @ 3.40GHz
stepping	: 9
microcode	: 0x17
cpu MHz		: 3672.000
cache size	: 8192 KB
physical id	: 0
siblings	: 8
core id		: 1
cpu cores	: 4
apicid		: 2
initial apicid	: 2
fpu		: yes
fpu_exception	: yes
cpuid level	: 13
wp		: yes
flags		: fpu vme de pse tsc msr pae mce cx8 apic sep mtrr pge mca cmov pat pse36 clflush dts acpi mmx fxsr sse sse2 ss ht tm pbe syscall nx rdtscp lm constant_tsc arch_perfmon pebs bts rep_good nopl xtopology nonstop_tsc aperfmperf eagerfpu pni pclmulqdq dtes64 monitor ds_cpl vmx smx est tm2 ssse3 cx16 xtpr pdcm pcid sse4_1 sse4_2 x2apic popcnt tsc_deadline_timer aes xsave avx f16c rdrand lahf_lm ida arat epb xsaveopt pln pts dtherm tpr_shadow vnmi flexpriority ept vpid fsgsbase smep erms
bogomips	: 6784.15
clflush size	: 64
cache_alignment	: 64
address sizes	: 36 bits physical, 48 bits virtual
power management:

processor	: 2
vendor_id	: GenuineIntel
cpu family	: 6
model		: 58
model name	: Intel(R) Core(TM) i7-3770 CPU @ 3.40GHz
stepping	: 9
microcode	: 0x17
cpu MHz		: 3672.000
cache size	: 8192 KB
physical id	: 0
siblings	: 8
core id		: 2
cpu cores	: 4
apicid		: 4
initial apicid	: 4
fpu		: yes
fpu_exception	: yes
cpuid level	: 13
wp		: yes
flags		: fpu vme de pse tsc msr pae mce cx8 apic sep mtrr pge mca cmov pat pse36 clflush dts acpi mmx fxsr sse sse2 ss ht tm pbe syscall nx rdtscp lm constant_tsc arch_perfmon pebs bts rep_good nopl xtopology nonstop_tsc aperfmperf eagerfpu pni pclmulqdq dtes64 monitor ds_cpl vmx smx est tm2 ssse3 cx16 xtpr pdcm pcid sse4_1 sse4_2 x2apic popcnt tsc_deadline_timer aes xsave avx f16c rdrand lahf_lm ida arat epb xsaveopt pln pts dtherm tpr_shadow vnmi flexpriority ept vpid fsgsbase smep erms
bogomips	: 6784.15
clflush size	: 64
cache_alignment	: 64
address sizes	: 36 bits physical, 48 bits virtual
power management:

processor	: 3
vendor_id	: GenuineIntel
cpu family	: 6
model		: 58
model name	: Intel(R) Core(TM) i7-3770 CPU @ 3.40GHz
stepping	: 9
microcode	: 0x17
cpu MHz		: 3672.000
cache size	: 8192 KB
physical id	: 0
siblings	: 8
core id		: 3
cpu cores	: 4
apicid		: 6
initial apicid	: 6
fpu		: yes
fpu_exception	: yes
cpuid level	: 13
wp		: yes
flags		: fpu vme de pse tsc msr pae mce cx8 apic sep mtrr pge mca cmov pat pse36 clflush dts acpi mmx fxsr sse sse2 ss ht tm pbe syscall nx rdtscp lm constant_tsc arch_perfmon pebs bts rep_good nopl xtopology nonstop_tsc aperfmperf eagerfpu pni pclmulqdq dtes64 monitor ds_cpl vmx smx est tm2 ssse3 cx16 xtpr pdcm pcid sse4_1 sse4_2 x2apic popcnt tsc_deadline_timer aes xsave avx f16c rdrand lahf_lm ida arat epb xsaveopt pln pts dtherm tpr_shadow vnmi flexpriority ept vpid fsgsbase smep erms
bogomips	: 6784.15
clflush size	: 64
cache_alignment	: 64
address sizes	: 36 bits physical, 48 bits virtual
power management:

processor	: 4
vendor_id	: GenuineIntel
cpu family	: 6
model		: 58
model name	: Intel(R) Core(TM) i7-3770 CPU @ 3.40GHz
stepping	: 9
microcode	: 0x17
cpu MHz		: 3672.000
cache size	: 8192 KB
physical id	: 0
siblings	: 8
core id		: 0
cpu cores	: 4
apicid		: 1
initial apicid	: 1
fpu		: yes
fpu_exception	: yes
cpuid level	: 13
wp		: yes
flags		: fpu vme de pse tsc msr pae mce cx8 apic sep mtrr pge mca cmov pat pse36 clflush dts acpi mmx fxsr sse sse2 ss ht tm pbe syscall nx rdtscp lm constant_tsc arch_perfmon pebs bts rep_good nopl xtopology nonstop_tsc aperfmperf eagerfpu pni pclmulqdq dtes64 monitor ds_cpl vmx smx est tm2 ssse3 cx16 xtpr pdcm pcid sse4_1 sse4_2 x2apic popcnt tsc_deadline_timer aes xsave avx f16c rdrand lahf_lm ida arat epb xsaveopt pln pts dtherm tpr_shadow vnmi flexpriority ept vpid fsgsbase smep erms
bogomips	: 6784.15
clflush size	: 64
cache_alignment	: 64
address sizes	: 36 bits physical, 48 bits virtual
power management:

processor	: 5
vendor_id	: GenuineIntel
cpu family	: 6
model		: 58
model name	: Intel(R) Core(TM) i7-3770 CPU @ 3.40GHz
stepping	: 9
microcode	: 0x17
cpu MHz		: 3672.000
cache size	: 8192 KB
physical id	: 0
siblings	: 8
core id		: 1
cpu cores	: 4
apicid		: 3
initial apicid	: 3
fpu		: yes
fpu_exception	: yes
cpuid level	: 13
wp		: yes
flags		: fpu vme de pse tsc msr pae mce cx8 apic sep mtrr pge mca cmov pat pse36 clflush dts acpi mmx fxsr sse sse2 ss ht tm pbe syscall nx rdtscp lm constant_tsc arch_perfmon pebs bts rep_good nopl xtopology nonstop_tsc aperfmperf eagerfpu pni pclmulqdq dtes64 monitor ds_cpl vmx smx est tm2 ssse3 cx16 xtpr pdcm pcid sse4_1 sse4_2 x2apic popcnt tsc_deadline_timer aes xsave avx f16c rdrand lahf_lm ida arat epb xsaveopt pln pts dtherm tpr_shadow vnmi flexpriority ept vpid fsgsbase smep erms
bogomips	: 6784.15
clflush size	: 64
cache_alignment	: 64
address sizes	: 36 bits physical, 48 bits virtual
power management:

processor	: 6
vendor_id	: GenuineIntel
cpu family	: 6
model		: 58
model name	: Intel(R) Core(TM) i7-3770 CPU @ 3.40GHz
stepping	: 9
microcode	: 0x17
cpu MHz		: 3672.000
cache size	: 8192 KB
physical id	: 0
siblings	: 8
core id		: 2
cpu cores	: 4
apicid		: 5
initial apicid	: 5
fpu		: yes
fpu_exception	: yes
cpuid level	: 13
wp		: yes
flags		: fpu vme de pse tsc msr pae mce cx8 apic sep mtrr pge mca cmov pat pse36 clflush dts acpi mmx fxsr sse sse2 ss ht tm pbe syscall nx rdtscp lm constant_tsc arch_perfmon pebs bts rep_good nopl xtopology nonstop_tsc aperfmperf eagerfpu pni pclmulqdq dtes64 monitor ds_cpl vmx smx est tm2 ssse3 cx16 xtpr pdcm pcid sse4_1 sse4_2 x2apic popcnt tsc_deadline_timer aes xsave avx f16c rdrand lahf_lm ida arat epb xsaveopt pln pts dtherm tpr_shadow vnmi flexpriority ept vpid fsgsbase smep erms
bogomips	: 6784.15
clflush size	: 64
cache_alignment	: 64
address sizes	: 36 bits physical, 48 bits virtual
power management:

processor	: 7
vendor_id	: GenuineIntel
cpu family	: 6
model		: 58
model name	: Intel(R) Core(TM) i7-3770 CPU @ 3.40GHz
stepping	: 9
microcode	: 0x17
cpu MHz		: 3672.000
cache size	: 8192 KB
physical id	: 0
siblings	: 8
core id		: 3
cpu cores	: 4
apicid		: 7
initial apicid	: 7
fpu		: yes
fpu_exception	: yes
cpuid level	: 13
wp		: yes
flags		: fpu vme de pse tsc msr pae mce cx8 apic sep mtrr pge mca cmov pat pse36 clflush dts acpi mmx fxsr sse sse2 ss ht tm pbe syscall nx rdtscp lm constant_tsc arch_perfmon pebs bts rep_good nopl xtopology nonstop_tsc aperfmperf eagerfpu pni pclmulqdq dtes64 monitor ds_cpl vmx smx est tm2 ssse3 cx16 xtpr pdcm pcid sse4_1 sse4_2 x2apic popcnt tsc_deadline_timer aes xsave avx f16c rdrand lahf_lm ida arat epb xsaveopt pln pts dtherm tpr_shadow vnmi flexpriority ept vpid fsgsbase smep erms
bogomips	: 6784.15
clflush size	: 64
cache_alignment	: 64
address sizes	: 36 bits physical, 48 bits virtual
power management:



Memory: 4k page, physical 8016148k(125972k free), swap 0k(0k free)

vm_info: OpenJDK 64-Bit Server VM (24.75-b04) for linux-amd64 JRE (1.7.0_75-b13), built on Jan 29 2015 14:43:34 by "buildd" with gcc 4.7.2

time: Fri Aug 12 16:48:14 2016
elapsed time: 7 seconds

